Determining if the pthread_create exist failed with the following output:
Change Dir: /home/fangcao/Desktop/localCompiler/gtest/test1/GoogleTest/googlemock/CMakeFiles/CMakeTmp

Run Build Command:/usr/bin/make "cmTryCompileExec1534695529/fast"
/usr/bin/make -f CMakeFiles/cmTryCompileExec1534695529.dir/build.make CMakeFiles/cmTryCompileExec1534695529.dir/build
make[1]: Entering directory `/home/fangcao/Desktop/localCompiler/gtest/test1/GoogleTest/googlemock/CMakeFiles/CMakeTmp'
/usr/bin/cmake -E cmake_progress_report /home/fangcao/Desktop/localCompiler/gtest/test1/GoogleTest/googlemock/CMakeFiles/CMakeTmp/CMakeFiles 1
Building C object CMakeFiles/cmTryCompileExec1534695529.dir/CheckSymbolExists.c.o
/usr/bin/cc    -o CMakeFiles/cmTryCompileExec1534695529.dir/CheckSymbolExists.c.o   -c /home/fangcao/Desktop/localCompiler/gtest/test1/GoogleTest/googlemock/CMakeFiles/CMakeTmp/CheckSymbolExists.c
Linking C executable cmTryCompileExec1534695529
/usr/bin/cmake -E cmake_link_script CMakeFiles/cmTryCompileExec1534695529.dir/link.txt --verbose=1
/usr/bin/cc       CMakeFiles/cmTryCompileExec1534695529.dir/CheckSymbolExists.c.o  -o cmTryCompileExec1534695529 -rdynamic 
CMakeFiles/cmTryCompileExec1534695529.dir/CheckSymbolExists.c.o: In function `main':
CheckSymbolExists.c:(.text+0xa): undefined reference to `pthread_create'
collect2: error: ld returned 1 exit status
make[1]: Leaving directory `/home/fangcao/Desktop/localCompiler/gtest/test1/GoogleTest/googlemock/CMakeFiles/CMakeTmp'
make[1]: *** [cmTryCompileExec1534695529] Error 1
make: *** [cmTryCompileExec1534695529/fast] Error 2

File /home/fangcao/Desktop/localCompiler/gtest/test1/GoogleTest/googlemock/CMakeFiles/CMakeTmp/CheckSymbolExists.c:
/* */
#include <pthread.h>

int main(int argc, char** argv)
{
  (void)argv;
#ifndef pthread_create
  return ((int*)(&pthread_create))[argc];
#else
  (void)argc;
  return 0;
#endif
}

Determining if the function pthread_create exists in the pthreads failed with the following output:
Change Dir: /home/fangcao/Desktop/localCompiler/gtest/test1/GoogleTest/googlemock/CMakeFiles/CMakeTmp

Run Build Command:/usr/bin/make "cmTryCompileExec3435809316/fast"
/usr/bin/make -f CMakeFiles/cmTryCompileExec3435809316.dir/build.make CMakeFiles/cmTryCompileExec3435809316.dir/build
make[1]: Entering directory `/home/fangcao/Desktop/localCompiler/gtest/test1/GoogleTest/googlemock/CMakeFiles/CMakeTmp'
/usr/bin/cmake -E cmake_progress_report /home/fangcao/Desktop/localCompiler/gtest/test1/GoogleTest/googlemock/CMakeFiles/CMakeTmp/CMakeFiles 1
Building C object CMakeFiles/cmTryCompileExec3435809316.dir/CheckFunctionExists.c.o
/usr/bin/cc   -DCHECK_FUNCTION_EXISTS=pthread_create   -o CMakeFiles/cmTryCompileExec3435809316.dir/CheckFunctionExists.c.o   -c /usr/share/cmake-2.8/Modules/CheckFunctionExists.c
Linking C executable cmTryCompileExec3435809316
/usr/bin/cmake -E cmake_link_script CMakeFiles/cmTryCompileExec3435809316.dir/link.txt --verbose=1
/usr/bin/cc   -DCHECK_FUNCTION_EXISTS=pthread_create    CMakeFiles/cmTryCompileExec3435809316.dir/CheckFunctionExists.c.o  -o cmTryCompileExec3435809316 -rdynamic -lpthreads 
/usr/bin/ld: cannot find -lpthreads
collect2: error: ld returned 1 exit status
make[1]: Leaving directory `/home/fangcao/Desktop/localCompiler/gtest/test1/GoogleTest/googlemock/CMakeFiles/CMakeTmp'
make[1]: *** [cmTryCompileExec3435809316] Error 1
make: *** [cmTryCompileExec3435809316/fast] Error 2


